<?xml version="1.0" encoding="UTF-8"?>
<!-- Generated by org.testng.reporters.JUnitXMLReporter -->
<testsuite hostname="B2-LAP-VLANKA" ignored="0" name="FF_Test" tests="2" failures="0" timestamp="13 Jun 2018 12:06:23 GMT" time="5.306" errors="0">
  <testcase name="@BeforeClass initialize" time="5.211" classname="com.prevail.utilgeneric.BaseTest">
    <failure type="java.lang.NullPointerException">
      <![CDATA[java.lang.NullPointerException
at com.prevail.projectspec.GlobalFunctions.navigateToSite(GlobalFunctions.java:31)
at com.prevail.utilgeneric.BaseTest.initialize(BaseTest.java:148)
at java.util.concurrent.FutureTask.run(Unknown Source)
at java.util.concurrent.ThreadPoolExecutor.runWorker(Unknown Source)
at java.util.concurrent.ThreadPoolExecutor$Worker.run(Unknown Source)
at java.lang.Thread.run(Unknown Source)
... Removed 17 stack frames]]>
    </failure>
  </testcase> <!-- @BeforeClass initialize -->
  <testcase name="@BeforeMethod extReport" time="0.0" classname="com.prevail.utilgeneric.BaseTest">
    <skipped/>
  </testcase> <!-- @BeforeMethod extReport -->
  <testcase name="@AfterMethod endTest" time="0.0" classname="com.prevail.utilgeneric.BaseTest">
    <skipped/>
  </testcase> <!-- @AfterMethod endTest -->
  <testcase name="@BeforeMethod extReport" time="0.0" classname="com.prevail.utilgeneric.BaseTest">
    <skipped/>
  </testcase> <!-- @BeforeMethod extReport -->
  <testcase name="@AfterMethod endTest" time="0.0" classname="com.prevail.utilgeneric.BaseTest">
    <skipped/>
  </testcase> <!-- @AfterMethod endTest -->
  <testcase name="@AfterTest endTest" time="0.0" classname="com.prevail.utilgeneric.BaseTest">
    <skipped/>
  </testcase> <!-- @AfterTest endTest -->
  <testcase name="TC01_logIn_UI_" time="0.0" classname="com.prevail.profile.Login">
    <skipped/>
  </testcase> <!-- TC01_logIn_UI_ -->
  <testcase name="TC02_logIn_ForgotPassword" time="0.0" classname="com.prevail.profile.Login">
    <skipped/>
  </testcase> <!-- TC02_logIn_ForgotPassword -->
</testsuite> <!-- FF_Test -->
