<?xml version="1.0" encoding="UTF-8"?>
<!-- Generated by org.testng.reporters.JUnitXMLReporter -->
<testsuite hostname="LAPTOP-E36DAG2Q" ignored="0" name="Demo" tests="2" failures="0" timestamp="11 Aug 2018 11:31:57 GMT" time="0.043" errors="0">
  <testcase name="@BeforeClass initialize" time="0.0" classname="com.prevail.utilgeneric.BaseTest">
    <failure type="java.lang.NullPointerException">
      <![CDATA[java.lang.NullPointerException
at com.prevail.utilgeneric.BaseTest.initialize(BaseTest.java:98)
... Removed 26 stack frames]]>
    </failure>
  </testcase> <!-- @BeforeClass initialize -->
  <testcase name="@BeforeMethod extReport" time="0.0" classname="com.prevail.utilgeneric.BaseTest">
    <skipped/>
  </testcase> <!-- @BeforeMethod extReport -->
  <testcase name="@AfterMethod endTest" time="0.0" classname="com.prevail.utilgeneric.BaseTest">
    <skipped/>
  </testcase> <!-- @AfterMethod endTest -->
  <testcase name="@BeforeMethod extReport" time="0.0" classname="com.prevail.utilgeneric.BaseTest">
    <skipped/>
  </testcase> <!-- @BeforeMethod extReport -->
  <testcase name="@AfterMethod endTest" time="0.0" classname="com.prevail.utilgeneric.BaseTest">
    <skipped/>
  </testcase> <!-- @AfterMethod endTest -->
  <testcase name="@AfterTest endTest" time="0.0" classname="com.prevail.utilgeneric.BaseTest">
    <skipped/>
  </testcase> <!-- @AfterTest endTest -->
  <testcase name="TC01_logIn_UI_" time="0.0" classname="com.prevail.profile.Login">
    <skipped/>
  </testcase> <!-- TC01_logIn_UI_ -->
  <testcase name="TC02_logIn_ForgotPassword" time="0.0" classname="com.prevail.profile.Login">
    <skipped/>
  </testcase> <!-- TC02_logIn_ForgotPassword -->
</testsuite> <!-- Demo -->
